myHadoop: Setting MH_IPOIB_TRANSFORM='s/\([^.]*\).*$/\1.ibnet/' from myhadoop.conf
myHadoop: Setting MH_SCRATCH_DIR=/scratch/$USER/$SLURM_JOBID from myhadoop.conf
myHadoop: Using HADOOP_HOME=/opt/hadoop/2.6.0
myHadoop: Using MH_SCRATCH_DIR=/scratch/mxv6938/32375431
myHadoop: Using JAVA_HOME=/lib/jvm/java
myHadoop: Generating Hadoop configuration in directory in /home/mxv6938/cometcluster...
myHadoop: Backing up old config dir to /home/mxv6938/cometcluster.4...
‘/home/mxv6938/cometcluster’ -> ‘/home/mxv6938/cometcluster.4’
myHadoop: Designating comet-11-28.ibnet as master node (namenode, secondary namenode, and jobtracker)
myHadoop: The following nodes will be slaves (datanode, tasktracer):
comet-11-28.ibnet
comet-11-29.ibnet
20/04/01 18:04:50 INFO namenode.NameNode: STARTUP_MSG: 
/************************************************************
STARTUP_MSG: Starting NameNode
STARTUP_MSG:   host = comet-11-28.sdsc.edu/198.202.118.183
STARTUP_MSG:   args = [-format]
STARTUP_MSG:   version = 2.6.0
STARTUP_MSG:   classpath = /home/mxv6938/cometcluster:/opt/hadoop/2.6.0/share/hadoop/common/lib/jets3t-0.9.0.jar:/opt/hadoop/2.6.0/share/hadoop/common/lib/jackson-core-asl-1.9.13.jar:/opt/hadoop/2.6.0/share/hadoop/common/lib/xz-1.0.jar:/opt/hadoop/2.6.0/share/hadoop/common/lib/xmlenc-0.52.jar:/opt/hadoop/2.6.0/share/hadoop/common/lib/commons-net-3.1.jar:/opt/hadoop/2.6.0/share/hadoop/common/lib/java-xmlbuilder-0.4.jar:/opt/hadoop/2.6.0/share/hadoop/common/lib/commons-logging-1.1.3.jar:/opt/hadoop/2.6.0/share/hadoop/common/lib/commons-el-1.0.jar:/opt/hadoop/2.6.0/share/hadoop/common/lib/curator-client-2.6.0.jar:/opt/hadoop/2.6.0/share/hadoop/common/lib/jasper-compiler-5.5.23.jar:/opt/hadoop/2.6.0/share/hadoop/common/lib/hamcrest-core-1.3.jar:/opt/hadoop/2.6.0/share/hadoop/common/lib/api-asn1-api-1.0.0-M20.jar:/opt/hadoop/2.6.0/share/hadoop/common/lib/commons-collections-3.2.1.jar:/opt/hadoop/2.6.0/share/hadoop/common/lib/zookeeper-3.4.6.jar:/opt/hadoop/2.6.0/share/hadoop/common/lib/commons-lang-2.6.jar:/opt/hadoop/2.6.0/share/hadoop/common/lib/servlet-api-2.5.jar:/opt/hadoop/2.6.0/share/hadoop/common/lib/jsr305-1.3.9.jar:/opt/hadoop/2.6.0/share/hadoop/common/lib/jersey-core-1.9.jar:/opt/hadoop/2.6.0/share/hadoop/common/lib/stax-api-1.0-2.jar:/opt/hadoop/2.6.0/share/hadoop/common/lib/paranamer-2.3.jar:/opt/hadoop/2.6.0/share/hadoop/common/lib/jackson-jaxrs-1.9.13.jar:/opt/hadoop/2.6.0/share/hadoop/common/lib/jersey-json-1.9.jar:/opt/hadoop/2.6.0/share/hadoop/common/lib/commons-httpclient-3.1.jar:/opt/hadoop/2.6.0/share/hadoop/common/lib/jsch-0.1.42.jar:/opt/hadoop/2.6.0/share/hadoop/common/lib/avro-1.7.4.jar:/opt/hadoop/2.6.0/share/hadoop/common/lib/commons-beanutils-1.7.0.jar:/opt/hadoop/2.6.0/share/hadoop/common/lib/commons-codec-1.4.jar:/opt/hadoop/2.6.0/share/hadoop/common/lib/htrace-core-3.0.4.jar:/opt/hadoop/2.6.0/share/hadoop/common/lib/hadoop-auth-2.6.0.jar:/opt/hadoop/2.6.0/share/hadoop/common/lib/jersey-server-1.9.jar:/opt/hadoop/2.6.0/share/hadoop/common/lib/netty-3.6.2.Final.jar:/opt/hadoop/2.6.0/share/hadoop/common/lib/activation-1.1.jar:/opt/hadoop/2.6.0/share/hadoop/common/lib/api-util-1.0.0-M20.jar:/opt/hadoop/2.6.0/share/hadoop/common/lib/httpcore-4.2.5.jar:/opt/hadoop/2.6.0/share/hadoop/common/lib/jackson-mapper-asl-1.9.13.jar:/opt/hadoop/2.6.0/share/hadoop/common/lib/snappy-java-1.0.4.1.jar:/opt/hadoop/2.6.0/share/hadoop/common/lib/commons-io-2.4.jar:/opt/hadoop/2.6.0/share/hadoop/common/lib/commons-cli-1.2.jar:/opt/hadoop/2.6.0/share/hadoop/common/lib/asm-3.2.jar:/opt/hadoop/2.6.0/share/hadoop/common/lib/commons-math3-3.1.1.jar:/opt/hadoop/2.6.0/share/hadoop/common/lib/protobuf-java-2.5.0.jar:/opt/hadoop/2.6.0/share/hadoop/common/lib/jsp-api-2.1.jar:/opt/hadoop/2.6.0/share/hadoop/common/lib/hadoop-annotations-2.6.0.jar:/opt/hadoop/2.6.0/share/hadoop/common/lib/slf4j-api-1.7.5.jar:/opt/hadoop/2.6.0/share/hadoop/common/lib/slf4j-log4j12-1.7.5.jar:/opt/hadoop/2.6.0/share/hadoop/common/lib/commons-digester-1.8.jar:/opt/hadoop/2.6.0/share/hadoop/common/lib/log4j-1.2.17.jar:/opt/hadoop/2.6.0/share/hadoop/common/lib/jasper-runtime-5.5.23.jar:/opt/hadoop/2.6.0/share/hadoop/common/lib/commons-beanutils-core-1.8.0.jar:/opt/hadoop/2.6.0/share/hadoop/common/lib/junit-4.11.jar:/opt/hadoop/2.6.0/share/hadoop/common/lib/guava-11.0.2.jar:/opt/hadoop/2.6.0/share/hadoop/common/lib/httpclient-4.2.5.jar:/opt/hadoop/2.6.0/share/hadoop/common/lib/jackson-xc-1.9.13.jar:/opt/hadoop/2.6.0/share/hadoop/common/lib/curator-framework-2.6.0.jar:/opt/hadoop/2.6.0/share/hadoop/common/lib/jetty-util-6.1.26.jar:/opt/hadoop/2.6.0/share/hadoop/common/lib/mockito-all-1.8.5.jar:/opt/hadoop/2.6.0/share/hadoop/common/lib/commons-compress-1.4.1.jar:/opt/hadoop/2.6.0/share/hadoop/common/lib/jetty-6.1.26.jar:/opt/hadoop/2.6.0/share/hadoop/common/lib/gson-2.2.4.jar:/opt/hadoop/2.6.0/share/hadoop/common/lib/apacheds-i18n-2.0.0-M15.jar:/opt/hadoop/2.6.0/share/hadoop/common/lib/curator-recipes-2.6.0.jar:/opt/hadoop/2.6.0/share/hadoop/common/lib/apacheds-kerberos-codec-2.0.0-M15.jar:/opt/hadoop/2.6.0/share/hadoop/common/lib/jaxb-impl-2.2.3-1.jar:/opt/hadoop/2.6.0/share/hadoop/common/lib/jettison-1.1.jar:/opt/hadoop/2.6.0/share/hadoop/common/lib/commons-configuration-1.6.jar:/opt/hadoop/2.6.0/share/hadoop/common/lib/jaxb-api-2.2.2.jar:/opt/hadoop/2.6.0/share/hadoop/common/hadoop-common-2.6.0.jar:/opt/hadoop/2.6.0/share/hadoop/common/hadoop-common-2.6.0-tests.jar:/opt/hadoop/2.6.0/share/hadoop/common/hadoop-nfs-2.6.0.jar:/opt/hadoop/2.6.0/share/hadoop/hdfs:/opt/hadoop/2.6.0/share/hadoop/hdfs/lib/jackson-core-asl-1.9.13.jar:/opt/hadoop/2.6.0/share/hadoop/hdfs/lib/xml-apis-1.3.04.jar:/opt/hadoop/2.6.0/share/hadoop/hdfs/lib/xmlenc-0.52.jar:/opt/hadoop/2.6.0/share/hadoop/hdfs/lib/commons-logging-1.1.3.jar:/opt/hadoop/2.6.0/share/hadoop/hdfs/lib/commons-el-1.0.jar:/opt/hadoop/2.6.0/share/hadoop/hdfs/lib/commons-lang-2.6.jar:/opt/hadoop/2.6.0/share/hadoop/hdfs/lib/servlet-api-2.5.jar:/opt/hadoop/2.6.0/share/hadoop/hdfs/lib/jsr305-1.3.9.jar:/opt/hadoop/2.6.0/share/hadoop/hdfs/lib/jersey-core-1.9.jar:/opt/hadoop/2.6.0/share/hadoop/hdfs/lib/xercesImpl-2.9.1.jar:/opt/hadoop/2.6.0/share/hadoop/hdfs/lib/commons-codec-1.4.jar:/opt/hadoop/2.6.0/share/hadoop/hdfs/lib/htrace-core-3.0.4.jar:/opt/hadoop/2.6.0/share/hadoop/hdfs/lib/jersey-server-1.9.jar:/opt/hadoop/2.6.0/share/hadoop/hdfs/lib/netty-3.6.2.Final.jar:/opt/hadoop/2.6.0/share/hadoop/hdfs/lib/jackson-mapper-asl-1.9.13.jar:/opt/hadoop/2.6.0/share/hadoop/hdfs/lib/commons-io-2.4.jar:/opt/hadoop/2.6.0/share/hadoop/hdfs/lib/commons-cli-1.2.jar:/opt/hadoop/2.6.0/share/hadoop/hdfs/lib/asm-3.2.jar:/opt/hadoop/2.6.0/share/hadoop/hdfs/lib/protobuf-java-2.5.0.jar:/opt/hadoop/2.6.0/share/hadoop/hdfs/lib/jsp-api-2.1.jar:/opt/hadoop/2.6.0/share/hadoop/hdfs/lib/commons-daemon-1.0.13.jar:/opt/hadoop/2.6.0/share/hadoop/hdfs/lib/log4j-1.2.17.jar:/opt/hadoop/2.6.0/share/hadoop/hdfs/lib/jasper-runtime-5.5.23.jar:/opt/hadoop/2.6.0/share/hadoop/hdfs/lib/guava-11.0.2.jar:/opt/hadoop/2.6.0/share/hadoop/hdfs/lib/jetty-util-6.1.26.jar:/opt/hadoop/2.6.0/share/hadoop/hdfs/lib/jetty-6.1.26.jar:/opt/hadoop/2.6.0/share/hadoop/hdfs/hadoop-hdfs-2.6.0-tests.jar:/opt/hadoop/2.6.0/share/hadoop/hdfs/hadoop-hdfs-nfs-2.6.0.jar:/opt/hadoop/2.6.0/share/hadoop/hdfs/hadoop-hdfs-2.6.0.jar:/opt/hadoop/2.6.0/share/hadoop/yarn/lib/jackson-core-asl-1.9.13.jar:/opt/hadoop/2.6.0/share/hadoop/yarn/lib/jersey-client-1.9.jar:/opt/hadoop/2.6.0/share/hadoop/yarn/lib/aopalliance-1.0.jar:/opt/hadoop/2.6.0/share/hadoop/yarn/lib/xz-1.0.jar:/opt/hadoop/2.6.0/share/hadoop/yarn/lib/commons-logging-1.1.3.jar:/opt/hadoop/2.6.0/share/hadoop/yarn/lib/guice-3.0.jar:/opt/hadoop/2.6.0/share/hadoop/yarn/lib/jline-0.9.94.jar:/opt/hadoop/2.6.0/share/hadoop/yarn/lib/commons-collections-3.2.1.jar:/opt/hadoop/2.6.0/share/hadoop/yarn/lib/zookeeper-3.4.6.jar:/opt/hadoop/2.6.0/share/hadoop/yarn/lib/commons-lang-2.6.jar:/opt/hadoop/2.6.0/share/hadoop/yarn/lib/servlet-api-2.5.jar:/opt/hadoop/2.6.0/share/hadoop/yarn/lib/jsr305-1.3.9.jar:/opt/hadoop/2.6.0/share/hadoop/yarn/lib/jersey-core-1.9.jar:/opt/hadoop/2.6.0/share/hadoop/yarn/lib/stax-api-1.0-2.jar:/opt/hadoop/2.6.0/share/hadoop/yarn/lib/jackson-jaxrs-1.9.13.jar:/opt/hadoop/2.6.0/share/hadoop/yarn/lib/jersey-json-1.9.jar:/opt/hadoop/2.6.0/share/hadoop/yarn/lib/commons-httpclient-3.1.jar:/opt/hadoop/2.6.0/share/hadoop/yarn/lib/commons-codec-1.4.jar:/opt/hadoop/2.6.0/share/hadoop/yarn/lib/jersey-server-1.9.jar:/opt/hadoop/2.6.0/share/hadoop/yarn/lib/javax.inject-1.jar:/opt/hadoop/2.6.0/share/hadoop/yarn/lib/netty-3.6.2.Final.jar:/opt/hadoop/2.6.0/share/hadoop/yarn/lib/activation-1.1.jar:/opt/hadoop/2.6.0/share/hadoop/yarn/lib/guice-servlet-3.0.jar:/opt/hadoop/2.6.0/share/hadoop/yarn/lib/jersey-guice-1.9.jar:/opt/hadoop/2.6.0/share/hadoop/yarn/lib/jackson-mapper-asl-1.9.13.jar:/opt/hadoop/2.6.0/share/hadoop/yarn/lib/commons-io-2.4.jar:/opt/hadoop/2.6.0/share/hadoop/yarn/lib/commons-cli-1.2.jar:/opt/hadoop/2.6.0/share/hadoop/yarn/lib/asm-3.2.jar:/opt/hadoop/2.6.0/share/hadoop/yarn/lib/protobuf-java-2.5.0.jar:/opt/hadoop/2.6.0/share/hadoop/yarn/lib/log4j-1.2.17.jar:/opt/hadoop/2.6.0/share/hadoop/yarn/lib/leveldbjni-all-1.8.jar:/opt/hadoop/2.6.0/share/hadoop/yarn/lib/guava-11.0.2.jar:/opt/hadoop/2.6.0/share/hadoop/yarn/lib/jackson-xc-1.9.13.jar:/opt/hadoop/2.6.0/share/hadoop/yarn/lib/jetty-util-6.1.26.jar:/opt/hadoop/2.6.0/share/hadoop/yarn/lib/commons-compress-1.4.1.jar:/opt/hadoop/2.6.0/share/hadoop/yarn/lib/jetty-6.1.26.jar:/opt/hadoop/2.6.0/share/hadoop/yarn/lib/jaxb-impl-2.2.3-1.jar:/opt/hadoop/2.6.0/share/hadoop/yarn/lib/jettison-1.1.jar:/opt/hadoop/2.6.0/share/hadoop/yarn/lib/jaxb-api-2.2.2.jar:/opt/hadoop/2.6.0/share/hadoop/yarn/hadoop-yarn-common-2.6.0.jar:/opt/hadoop/2.6.0/share/hadoop/yarn/hadoop-yarn-server-nodemanager-2.6.0.jar:/opt/hadoop/2.6.0/share/hadoop/yarn/hadoop-yarn-client-2.6.0.jar:/opt/hadoop/2.6.0/share/hadoop/yarn/hadoop-yarn-applications-unmanaged-am-launcher-2.6.0.jar:/opt/hadoop/2.6.0/share/hadoop/yarn/hadoop-yarn-server-tests-2.6.0.jar:/opt/hadoop/2.6.0/share/hadoop/yarn/hadoop-yarn-registry-2.6.0.jar:/opt/hadoop/2.6.0/share/hadoop/yarn/hadoop-yarn-server-common-2.6.0.jar:/opt/hadoop/2.6.0/share/hadoop/yarn/hadoop-yarn-server-applicationhistoryservice-2.6.0.jar:/opt/hadoop/2.6.0/share/hadoop/yarn/hadoop-yarn-server-web-proxy-2.6.0.jar:/opt/hadoop/2.6.0/share/hadoop/yarn/hadoop-yarn-api-2.6.0.jar:/opt/hadoop/2.6.0/share/hadoop/yarn/hadoop-yarn-applications-distributedshell-2.6.0.jar:/opt/hadoop/2.6.0/share/hadoop/yarn/hadoop-yarn-server-resourcemanager-2.6.0.jar:/opt/hadoop/2.6.0/share/hadoop/mapreduce/lib/jackson-core-asl-1.9.13.jar:/opt/hadoop/2.6.0/share/hadoop/mapreduce/lib/aopalliance-1.0.jar:/opt/hadoop/2.6.0/share/hadoop/mapreduce/lib/xz-1.0.jar:/opt/hadoop/2.6.0/share/hadoop/mapreduce/lib/guice-3.0.jar:/opt/hadoop/2.6.0/share/hadoop/mapreduce/lib/hamcrest-core-1.3.jar:/opt/hadoop/2.6.0/share/hadoop/mapreduce/lib/jersey-core-1.9.jar:/opt/hadoop/2.6.0/share/hadoop/mapreduce/lib/paranamer-2.3.jar:/opt/hadoop/2.6.0/share/hadoop/mapreduce/lib/avro-1.7.4.jar:/opt/hadoop/2.6.0/share/hadoop/mapreduce/lib/jersey-server-1.9.jar:/opt/hadoop/2.6.0/share/hadoop/mapreduce/lib/javax.inject-1.jar:/opt/hadoop/2.6.0/share/hadoop/mapreduce/lib/netty-3.6.2.Final.jar:/opt/hadoop/2.6.0/share/hadoop/mapreduce/lib/guice-servlet-3.0.jar:/opt/hadoop/2.6.0/share/hadoop/mapreduce/lib/jersey-guice-1.9.jar:/opt/hadoop/2.6.0/share/hadoop/mapreduce/lib/jackson-mapper-asl-1.9.13.jar:/opt/hadoop/2.6.0/share/hadoop/mapreduce/lib/snappy-java-1.0.4.1.jar:/opt/hadoop/2.6.0/share/hadoop/mapreduce/lib/commons-io-2.4.jar:/opt/hadoop/2.6.0/share/hadoop/mapreduce/lib/asm-3.2.jar:/opt/hadoop/2.6.0/share/hadoop/mapreduce/lib/protobuf-java-2.5.0.jar:/opt/hadoop/2.6.0/share/hadoop/mapreduce/lib/hadoop-annotations-2.6.0.jar:/opt/hadoop/2.6.0/share/hadoop/mapreduce/lib/log4j-1.2.17.jar:/opt/hadoop/2.6.0/share/hadoop/mapreduce/lib/leveldbjni-all-1.8.jar:/opt/hadoop/2.6.0/share/hadoop/mapreduce/lib/junit-4.11.jar:/opt/hadoop/2.6.0/share/hadoop/mapreduce/lib/commons-compress-1.4.1.jar:/opt/hadoop/2.6.0/share/hadoop/mapreduce/hadoop-mapreduce-client-jobclient-2.6.0-tests.jar:/opt/hadoop/2.6.0/share/hadoop/mapreduce/hadoop-mapreduce-examples-2.6.0.jar:/opt/hadoop/2.6.0/share/hadoop/mapreduce/hadoop-mapreduce-client-hs-2.6.0.jar:/opt/hadoop/2.6.0/share/hadoop/mapreduce/hadoop-mapreduce-client-shuffle-2.6.0.jar:/opt/hadoop/2.6.0/share/hadoop/mapreduce/hadoop-mapreduce-client-hs-plugins-2.6.0.jar:/opt/hadoop/2.6.0/share/hadoop/mapreduce/hadoop-mapreduce-client-core-2.6.0.jar:/opt/hadoop/2.6.0/share/hadoop/mapreduce/hadoop-mapreduce-client-jobclient-2.6.0.jar:/opt/hadoop/2.6.0/share/hadoop/mapreduce/hadoop-mapreduce-client-common-2.6.0.jar:/opt/hadoop/2.6.0/share/hadoop/mapreduce/hadoop-mapreduce-client-app-2.6.0.jar:/opt/hadoop/2.6.0/contrib/capacity-scheduler/*.jar
STARTUP_MSG:   build = https://git-wip-us.apache.org/repos/asf/hadoop.git -r e3496499ecb8d220fba99dc5ed4c99c8f9e33bb1; compiled by 'jenkins' on 2014-11-13T21:10Z
STARTUP_MSG:   java = 1.8.0_212
************************************************************/
20/04/01 18:04:50 INFO namenode.NameNode: registered UNIX signal handlers for [TERM, HUP, INT]
20/04/01 18:04:50 INFO namenode.NameNode: createNameNode [-format]
20/04/01 18:04:50 WARN common.Util: Path /scratch/mxv6938/32375431/namenode_data should be specified as a URI in configuration files. Please update hdfs configuration.
20/04/01 18:04:50 WARN common.Util: Path /scratch/mxv6938/32375431/namenode_data should be specified as a URI in configuration files. Please update hdfs configuration.
Formatting using clusterid: CID-8d766f78-4daa-4921-9d64-4bf1a49adfbb
20/04/01 18:04:50 INFO namenode.FSNamesystem: No KeyProvider found.
20/04/01 18:04:50 INFO namenode.FSNamesystem: fsLock is fair:true
20/04/01 18:04:51 INFO blockmanagement.DatanodeManager: dfs.block.invalidate.limit=1000
20/04/01 18:04:51 INFO blockmanagement.DatanodeManager: dfs.namenode.datanode.registration.ip-hostname-check=true
20/04/01 18:04:51 INFO blockmanagement.BlockManager: dfs.namenode.startup.delay.block.deletion.sec is set to 000:00:00:00.000
20/04/01 18:04:51 INFO blockmanagement.BlockManager: The block deletion will start around 2020 Apr 01 18:04:51
20/04/01 18:04:51 INFO util.GSet: Computing capacity for map BlocksMap
20/04/01 18:04:51 INFO util.GSet: VM type       = 64-bit
20/04/01 18:04:51 INFO util.GSet: 2.0% max memory 889 MB = 17.8 MB
20/04/01 18:04:51 INFO util.GSet: capacity      = 2^21 = 2097152 entries
20/04/01 18:04:51 INFO blockmanagement.BlockManager: dfs.block.access.token.enable=false
20/04/01 18:04:51 INFO blockmanagement.BlockManager: defaultReplication         = 3
20/04/01 18:04:51 INFO blockmanagement.BlockManager: maxReplication             = 512
20/04/01 18:04:51 INFO blockmanagement.BlockManager: minReplication             = 1
20/04/01 18:04:51 INFO blockmanagement.BlockManager: maxReplicationStreams      = 2
20/04/01 18:04:51 INFO blockmanagement.BlockManager: shouldCheckForEnoughRacks  = false
20/04/01 18:04:51 INFO blockmanagement.BlockManager: replicationRecheckInterval = 3000
20/04/01 18:04:51 INFO blockmanagement.BlockManager: encryptDataTransfer        = false
20/04/01 18:04:51 INFO blockmanagement.BlockManager: maxNumBlocksToLog          = 1000
20/04/01 18:04:51 INFO namenode.FSNamesystem: fsOwner             = mxv6938 (auth:SIMPLE)
20/04/01 18:04:51 INFO namenode.FSNamesystem: supergroup          = supergroup
20/04/01 18:04:51 INFO namenode.FSNamesystem: isPermissionEnabled = true
20/04/01 18:04:51 INFO namenode.FSNamesystem: HA Enabled: false
20/04/01 18:04:51 INFO namenode.FSNamesystem: Append Enabled: true
20/04/01 18:04:51 INFO util.GSet: Computing capacity for map INodeMap
20/04/01 18:04:51 INFO util.GSet: VM type       = 64-bit
20/04/01 18:04:51 INFO util.GSet: 1.0% max memory 889 MB = 8.9 MB
20/04/01 18:04:51 INFO util.GSet: capacity      = 2^20 = 1048576 entries
20/04/01 18:04:51 INFO namenode.NameNode: Caching file names occuring more than 10 times
20/04/01 18:04:51 INFO util.GSet: Computing capacity for map cachedBlocks
20/04/01 18:04:51 INFO util.GSet: VM type       = 64-bit
20/04/01 18:04:51 INFO util.GSet: 0.25% max memory 889 MB = 2.2 MB
20/04/01 18:04:51 INFO util.GSet: capacity      = 2^18 = 262144 entries
20/04/01 18:04:51 INFO namenode.FSNamesystem: dfs.namenode.safemode.threshold-pct = 0.9990000128746033
20/04/01 18:04:51 INFO namenode.FSNamesystem: dfs.namenode.safemode.min.datanodes = 0
20/04/01 18:04:51 INFO namenode.FSNamesystem: dfs.namenode.safemode.extension     = 30000
20/04/01 18:04:51 INFO namenode.FSNamesystem: Retry cache on namenode is enabled
20/04/01 18:04:51 INFO namenode.FSNamesystem: Retry cache will use 0.03 of total heap and retry cache entry expiry time is 600000 millis
20/04/01 18:04:51 INFO util.GSet: Computing capacity for map NameNodeRetryCache
20/04/01 18:04:51 INFO util.GSet: VM type       = 64-bit
20/04/01 18:04:51 INFO util.GSet: 0.029999999329447746% max memory 889 MB = 273.1 KB
20/04/01 18:04:51 INFO util.GSet: capacity      = 2^15 = 32768 entries
20/04/01 18:04:51 INFO namenode.NNConf: ACLs enabled? false
20/04/01 18:04:51 INFO namenode.NNConf: XAttrs enabled? true
20/04/01 18:04:51 INFO namenode.NNConf: Maximum size of an xattr: 16384
20/04/01 18:04:51 INFO namenode.FSImage: Allocated new BlockPoolId: BP-2115019511-198.202.118.183-1585789491189
20/04/01 18:04:51 INFO common.Storage: Storage directory /scratch/mxv6938/32375431/namenode_data has been successfully formatted.
20/04/01 18:04:51 INFO namenode.NNStorageRetentionManager: Going to retain 1 images with txid >= 0
20/04/01 18:04:51 INFO util.ExitUtil: Exiting with status 0
20/04/01 18:04:51 INFO namenode.NameNode: SHUTDOWN_MSG: 
/************************************************************
SHUTDOWN_MSG: Shutting down NameNode at comet-11-28.sdsc.edu/198.202.118.183
************************************************************/
myHadoop:  
myHadoop: Enabling experimental Spark support
myHadoop: Using SPARK_CONF_DIR=/home/mxv6938/cometcluster/spark
myHadoop:  
To use Spark, you will want to type the following commands:"
  source /home/mxv6938/cometcluster/spark/spark-env.sh
  myspark start
Starting namenodes on [comet-11-28.ibnet]
comet-11-28.ibnet: starting namenode, logging to /scratch/mxv6938/32375431/logs/hadoop-mxv6938-namenode-comet-11-28.sdsc.edu.out
comet-11-28.ibnet: starting datanode, logging to /scratch/mxv6938/32375431/logs/hadoop-mxv6938-datanode-comet-11-28.sdsc.edu.out
comet-11-29.ibnet: starting datanode, logging to /scratch/mxv6938/32375431/logs/hadoop-mxv6938-datanode-comet-11-29.sdsc.edu.out
Starting secondary namenodes [comet-11-28.ibnet]
comet-11-28.ibnet: starting secondarynamenode, logging to /scratch/mxv6938/32375431/logs/hadoop-mxv6938-secondarynamenode-comet-11-28.sdsc.edu.out
starting yarn daemons
starting resourcemanager, logging to /scratch/mxv6938/32375431/logs/yarn-mxv6938-resourcemanager-comet-11-28.out
comet-11-28.ibnet: starting nodemanager, logging to /scratch/mxv6938/32375431/logs/yarn-mxv6938-nodemanager-comet-11-28.sdsc.edu.out
comet-11-29.ibnet: starting nodemanager, logging to /scratch/mxv6938/32375431/logs/yarn-mxv6938-nodemanager-comet-11-29.sdsc.edu.out
mySpark: Using /home/mxv6938/cometcluster/spark/slaves as our slaves file
mySpark: Reading in /home/mxv6938/cometcluster/spark/spark-env.sh as our slaves file
starting org.apache.spark.deploy.master.Master, logging to /scratch/mxv6938/32375431/logs/spark-mxv6938-org.apache.spark.deploy.master.Master-1-comet-11-28.out
mySpark: Starting worker on comet-11-28.ibnet:
  /opt/spark/1.5.2/sbin/spark-daemon.sh --config /home/mxv6938/cometcluster/spark start org.apache.spark.deploy.worker.Worker 1 spark://comet-11-28.ibnet:7077
starting org.apache.spark.deploy.worker.Worker, logging to /scratch/mxv6938/32375431/logs/spark-mxv6938-org.apache.spark.deploy.worker.Worker-1-comet-11-28.sdsc.edu.out
mySpark: Starting worker on comet-11-29.ibnet:
  /opt/spark/1.5.2/sbin/spark-daemon.sh --config /home/mxv6938/cometcluster/spark start org.apache.spark.deploy.worker.Worker 1 spark://comet-11-28.ibnet:7077
starting org.apache.spark.deploy.worker.Worker, logging to /scratch/mxv6938/32375431/logs/spark-mxv6938-org.apache.spark.deploy.worker.Worker-1-comet-11-29.sdsc.edu.out
20/04/01 18:05:34 INFO spark.SparkContext: Running Spark version 1.5.2
20/04/01 18:05:34 WARN util.NativeCodeLoader: Unable to load native-hadoop library for your platform... using builtin-java classes where applicable
20/04/01 18:05:34 INFO spark.SecurityManager: Changing view acls to: mxv6938
20/04/01 18:05:34 INFO spark.SecurityManager: Changing modify acls to: mxv6938
20/04/01 18:05:34 INFO spark.SecurityManager: SecurityManager: authentication disabled; ui acls disabled; users with view permissions: Set(mxv6938); users with modify permissions: Set(mxv6938)
20/04/01 18:05:34 INFO slf4j.Slf4jLogger: Slf4jLogger started
20/04/01 18:05:34 INFO Remoting: Starting remoting
20/04/01 18:05:34 INFO Remoting: Remoting started; listening on addresses :[akka.tcp://sparkDriver@10.22.253.91:32969]
20/04/01 18:05:34 INFO util.Utils: Successfully started service 'sparkDriver' on port 32969.
20/04/01 18:05:35 INFO spark.SparkEnv: Registering MapOutputTracker
20/04/01 18:05:35 INFO spark.SparkEnv: Registering BlockManagerMaster
20/04/01 18:05:35 INFO storage.DiskBlockManager: Created local directory at /tmp/blockmgr-0d4c0dff-b761-4989-a571-6288ae5a72c4
20/04/01 18:05:35 INFO storage.MemoryStore: MemoryStore started with capacity 530.0 MB
20/04/01 18:05:35 INFO spark.HttpFileServer: HTTP File server directory is /tmp/spark-29f72ad7-480c-47f8-882c-6b69816e7112/httpd-0359bdeb-784d-4065-9721-e0180e32bf8a
20/04/01 18:05:35 INFO spark.HttpServer: Starting HTTP Server
20/04/01 18:05:35 INFO server.Server: jetty-8.y.z-SNAPSHOT
20/04/01 18:05:35 INFO server.AbstractConnector: Started SocketConnector@0.0.0.0:41977
20/04/01 18:05:35 INFO util.Utils: Successfully started service 'HTTP file server' on port 41977.
20/04/01 18:05:35 INFO spark.SparkEnv: Registering OutputCommitCoordinator
20/04/01 18:05:35 INFO server.Server: jetty-8.y.z-SNAPSHOT
20/04/01 18:05:35 INFO server.AbstractConnector: Started SelectChannelConnector@0.0.0.0:4040
20/04/01 18:05:35 INFO util.Utils: Successfully started service 'SparkUI' on port 4040.
20/04/01 18:05:35 INFO ui.SparkUI: Started SparkUI at http://10.22.253.91:4040
20/04/01 18:05:35 INFO spark.SparkContext: Added JAR file:/home/mxv6938/project4/histogram.jar at http://10.22.253.91:41977/jars/histogram.jar with timestamp 1585789535220
20/04/01 18:05:35 WARN metrics.MetricsSystem: Using default name DAGScheduler for source because spark.app.id is not set.
20/04/01 18:05:35 INFO client.AppClient$ClientEndpoint: Connecting to master spark://comet-11-28.ibnet:7077...
20/04/01 18:05:35 INFO cluster.SparkDeploySchedulerBackend: Connected to Spark cluster with app ID app-20200401180535-0000
20/04/01 18:05:35 INFO client.AppClient$ClientEndpoint: Executor added: app-20200401180535-0000/0 on worker-20200401180515-10.22.253.91-34657 (10.22.253.91:34657) with 24 cores
20/04/01 18:05:35 INFO cluster.SparkDeploySchedulerBackend: Granted executor ID app-20200401180535-0000/0 on hostPort 10.22.253.91:34657 with 24 cores, 1024.0 MB RAM
20/04/01 18:05:35 INFO client.AppClient$ClientEndpoint: Executor added: app-20200401180535-0000/1 on worker-20200401180517-10.22.253.90-32942 (10.22.253.90:32942) with 24 cores
20/04/01 18:05:35 INFO cluster.SparkDeploySchedulerBackend: Granted executor ID app-20200401180535-0000/1 on hostPort 10.22.253.90:32942 with 24 cores, 1024.0 MB RAM
20/04/01 18:05:35 INFO client.AppClient$ClientEndpoint: Executor updated: app-20200401180535-0000/0 is now LOADING
20/04/01 18:05:35 INFO util.Utils: Successfully started service 'org.apache.spark.network.netty.NettyBlockTransferService' on port 42614.
20/04/01 18:05:35 INFO netty.NettyBlockTransferService: Server created on 42614
20/04/01 18:05:35 INFO storage.BlockManagerMaster: Trying to register BlockManager
20/04/01 18:05:35 INFO storage.BlockManagerMasterEndpoint: Registering block manager 10.22.253.91:42614 with 530.0 MB RAM, BlockManagerId(driver, 10.22.253.91, 42614)
20/04/01 18:05:35 INFO client.AppClient$ClientEndpoint: Executor updated: app-20200401180535-0000/0 is now RUNNING
20/04/01 18:05:35 INFO storage.BlockManagerMaster: Registered BlockManager
20/04/01 18:05:35 INFO client.AppClient$ClientEndpoint: Executor updated: app-20200401180535-0000/1 is now LOADING
20/04/01 18:05:35 INFO client.AppClient$ClientEndpoint: Executor updated: app-20200401180535-0000/1 is now RUNNING
20/04/01 18:05:35 INFO cluster.SparkDeploySchedulerBackend: SchedulerBackend is ready for scheduling beginning after reached minRegisteredResourcesRatio: 0.0
20/04/01 18:05:35 INFO storage.MemoryStore: ensureFreeSpace(120176) called with curMem=0, maxMem=555755765
20/04/01 18:05:35 INFO storage.MemoryStore: Block broadcast_0 stored as values in memory (estimated size 117.4 KB, free 529.9 MB)
20/04/01 18:05:35 INFO storage.MemoryStore: ensureFreeSpace(12893) called with curMem=120176, maxMem=555755765
20/04/01 18:05:35 INFO storage.MemoryStore: Block broadcast_0_piece0 stored as bytes in memory (estimated size 12.6 KB, free 529.9 MB)
20/04/01 18:05:35 INFO storage.BlockManagerInfo: Added broadcast_0_piece0 in memory on 10.22.253.91:42614 (size: 12.6 KB, free: 530.0 MB)
20/04/01 18:05:35 INFO spark.SparkContext: Created broadcast 0 from textFile at Histogram.scala:8
20/04/01 18:05:36 INFO mapred.FileInputFormat: Total input paths to process : 1
20/04/01 18:05:36 INFO spark.SparkContext: Starting job: collect at Histogram.scala:11
20/04/01 18:05:36 INFO scheduler.DAGScheduler: Registering RDD 2 (flatMap at Histogram.scala:8)
20/04/01 18:05:36 INFO scheduler.DAGScheduler: Got job 0 (collect at Histogram.scala:11) with 3 output partitions
20/04/01 18:05:36 INFO scheduler.DAGScheduler: Final stage: ResultStage 1(collect at Histogram.scala:11)
20/04/01 18:05:36 INFO scheduler.DAGScheduler: Parents of final stage: List(ShuffleMapStage 0)
20/04/01 18:05:36 INFO scheduler.DAGScheduler: Missing parents: List(ShuffleMapStage 0)
20/04/01 18:05:36 INFO scheduler.DAGScheduler: Submitting ShuffleMapStage 0 (MapPartitionsRDD[2] at flatMap at Histogram.scala:8), which has no missing parents
20/04/01 18:05:36 INFO storage.MemoryStore: ensureFreeSpace(3928) called with curMem=133069, maxMem=555755765
20/04/01 18:05:36 INFO storage.MemoryStore: Block broadcast_1 stored as values in memory (estimated size 3.8 KB, free 529.9 MB)
20/04/01 18:05:36 INFO storage.MemoryStore: ensureFreeSpace(2285) called with curMem=136997, maxMem=555755765
20/04/01 18:05:36 INFO storage.MemoryStore: Block broadcast_1_piece0 stored as bytes in memory (estimated size 2.2 KB, free 529.9 MB)
20/04/01 18:05:36 INFO storage.BlockManagerInfo: Added broadcast_1_piece0 in memory on 10.22.253.91:42614 (size: 2.2 KB, free: 530.0 MB)
20/04/01 18:05:36 INFO spark.SparkContext: Created broadcast 1 from broadcast at DAGScheduler.scala:861
20/04/01 18:05:36 INFO scheduler.DAGScheduler: Submitting 3 missing tasks from ShuffleMapStage 0 (MapPartitionsRDD[2] at flatMap at Histogram.scala:8)
20/04/01 18:05:36 INFO scheduler.TaskSchedulerImpl: Adding task set 0.0 with 3 tasks
20/04/01 18:05:36 INFO cluster.SparkDeploySchedulerBackend: Registered executor: AkkaRpcEndpointRef(Actor[akka.tcp://sparkExecutor@10.22.253.91:35794/user/Executor#173996858]) with ID 0
20/04/01 18:05:37 INFO scheduler.TaskSetManager: Starting task 0.0 in stage 0.0 (TID 0, 10.22.253.91, ANY, 2212 bytes)
20/04/01 18:05:37 INFO scheduler.TaskSetManager: Starting task 1.0 in stage 0.0 (TID 1, 10.22.253.91, ANY, 2212 bytes)
20/04/01 18:05:37 INFO scheduler.TaskSetManager: Starting task 2.0 in stage 0.0 (TID 2, 10.22.253.91, ANY, 2212 bytes)
20/04/01 18:05:37 INFO cluster.SparkDeploySchedulerBackend: Registered executor: AkkaRpcEndpointRef(Actor[akka.tcp://sparkExecutor@10.22.253.90:41818/user/Executor#1274843039]) with ID 1
20/04/01 18:05:37 INFO storage.BlockManagerMasterEndpoint: Registering block manager 10.22.253.91:40279 with 530.0 MB RAM, BlockManagerId(0, 10.22.253.91, 40279)
20/04/01 18:05:37 INFO storage.BlockManagerMasterEndpoint: Registering block manager 10.22.253.90:40737 with 530.0 MB RAM, BlockManagerId(1, 10.22.253.90, 40737)
20/04/01 18:05:37 INFO storage.BlockManagerInfo: Added broadcast_1_piece0 in memory on 10.22.253.91:40279 (size: 2.2 KB, free: 530.0 MB)
20/04/01 18:05:37 INFO storage.BlockManagerInfo: Added broadcast_0_piece0 in memory on 10.22.253.91:40279 (size: 12.6 KB, free: 530.0 MB)
20/04/01 18:05:42 INFO scheduler.TaskSetManager: Finished task 2.0 in stage 0.0 (TID 2) in 5549 ms on 10.22.253.91 (1/3)
20/04/01 18:05:49 INFO scheduler.TaskSetManager: Finished task 1.0 in stage 0.0 (TID 1) in 12290 ms on 10.22.253.91 (2/3)
20/04/01 18:05:49 INFO scheduler.TaskSetManager: Finished task 0.0 in stage 0.0 (TID 0) in 12351 ms on 10.22.253.91 (3/3)
20/04/01 18:05:49 INFO scheduler.DAGScheduler: ShuffleMapStage 0 (flatMap at Histogram.scala:8) finished in 12.982 s
20/04/01 18:05:49 INFO scheduler.TaskSchedulerImpl: Removed TaskSet 0.0, whose tasks have all completed, from pool 
20/04/01 18:05:49 INFO scheduler.DAGScheduler: looking for newly runnable stages
20/04/01 18:05:49 INFO scheduler.DAGScheduler: running: Set()
20/04/01 18:05:49 INFO scheduler.DAGScheduler: waiting: Set(ResultStage 1)
20/04/01 18:05:49 INFO scheduler.DAGScheduler: failed: Set()
20/04/01 18:05:49 INFO scheduler.DAGScheduler: Missing parents for ResultStage 1: List()
20/04/01 18:05:49 INFO scheduler.DAGScheduler: Submitting ResultStage 1 (ShuffledRDD[3] at reduceByKey at Histogram.scala:10), which is now runnable
20/04/01 18:05:49 INFO storage.MemoryStore: ensureFreeSpace(2288) called with curMem=139282, maxMem=555755765
20/04/01 18:05:49 INFO storage.MemoryStore: Block broadcast_2 stored as values in memory (estimated size 2.2 KB, free 529.9 MB)
20/04/01 18:05:49 INFO storage.MemoryStore: ensureFreeSpace(1379) called with curMem=141570, maxMem=555755765
20/04/01 18:05:49 INFO storage.MemoryStore: Block broadcast_2_piece0 stored as bytes in memory (estimated size 1379.0 B, free 529.9 MB)
20/04/01 18:05:49 INFO storage.BlockManagerInfo: Added broadcast_2_piece0 in memory on 10.22.253.91:42614 (size: 1379.0 B, free: 530.0 MB)
20/04/01 18:05:49 INFO spark.SparkContext: Created broadcast 2 from broadcast at DAGScheduler.scala:861
20/04/01 18:05:49 INFO scheduler.DAGScheduler: Submitting 3 missing tasks from ResultStage 1 (ShuffledRDD[3] at reduceByKey at Histogram.scala:10)
20/04/01 18:05:49 INFO scheduler.TaskSchedulerImpl: Adding task set 1.0 with 3 tasks
20/04/01 18:05:49 INFO scheduler.TaskSetManager: Starting task 0.0 in stage 1.0 (TID 3, 10.22.253.91, PROCESS_LOCAL, 1955 bytes)
20/04/01 18:05:49 INFO scheduler.TaskSetManager: Starting task 1.0 in stage 1.0 (TID 4, 10.22.253.90, PROCESS_LOCAL, 1955 bytes)
20/04/01 18:05:49 INFO scheduler.TaskSetManager: Starting task 2.0 in stage 1.0 (TID 5, 10.22.253.91, PROCESS_LOCAL, 1955 bytes)
20/04/01 18:05:49 INFO storage.BlockManagerInfo: Added broadcast_2_piece0 in memory on 10.22.253.91:40279 (size: 1379.0 B, free: 530.0 MB)
20/04/01 18:05:49 INFO spark.MapOutputTrackerMasterEndpoint: Asked to send map output locations for shuffle 0 to 10.22.253.91:35794
20/04/01 18:05:49 INFO spark.MapOutputTrackerMaster: Size of output statuses for shuffle 0 is 151 bytes
20/04/01 18:05:49 INFO scheduler.TaskSetManager: Finished task 0.0 in stage 1.0 (TID 3) in 82 ms on 10.22.253.91 (1/3)
20/04/01 18:05:49 INFO scheduler.TaskSetManager: Finished task 2.0 in stage 1.0 (TID 5) in 81 ms on 10.22.253.91 (2/3)
20/04/01 18:05:49 INFO storage.BlockManagerInfo: Added broadcast_2_piece0 in memory on 10.22.253.90:40737 (size: 1379.0 B, free: 530.0 MB)
20/04/01 18:05:49 INFO spark.MapOutputTrackerMasterEndpoint: Asked to send map output locations for shuffle 0 to 10.22.253.90:41818
20/04/01 18:05:49 INFO scheduler.TaskSetManager: Finished task 1.0 in stage 1.0 (TID 4) in 430 ms on 10.22.253.90 (3/3)
20/04/01 18:05:49 INFO scheduler.DAGScheduler: ResultStage 1 (collect at Histogram.scala:11) finished in 0.432 s
20/04/01 18:05:49 INFO scheduler.TaskSchedulerImpl: Removed TaskSet 1.0, whose tasks have all completed, from pool 
20/04/01 18:05:49 INFO scheduler.DAGScheduler: Job 0 finished: collect at Histogram.scala:11, took 13.476522 s
1    56     117283
3    192     116897
2    204     117579
1    213     117015
1    168     117258
3    1     117639
1    107     117576
2    188     117439
3    185     117341
1    170     117531
2    192     117406
3    82     117012
1    212     116949
1    231     117043
3    148     117428
1    200     117160
1    221     117039
1    199     117465
3    186     117406
2    99     117353
1    195     117292
1    220     117356
3    19     117004
2    169     116852
3    45     117484
1    151     117351
3    27     116946
1    169     117185
2    36     116977
2    244     116862
1    207     117540
2    191     117286
1    23     117468
2    82     117069
1    217     117367
3    16     117260
3    135     117531
2    47     117390
2    20     117319
3    30     117482
2    44     117501
3    5     117484
1    115     117596
3    46     117456
2    107     117237
2    4     116922
3    99     116906
1    48     117201
1    2     117054
1    59     117435
2    74     117304
1    78     117651
3    238     117142
1    77     117274
1    58     117414
2    46     117110
3    224     117846
3    208     117292
1    132     117311
1    52     117019
2    127     117284
3    38     117035
1    206     117311
3    129     117181
2    29     117225
3    26     117437
3    145     117255
2    89     117018
1    64     117423
1    51     117233
1    35     117197
2    200     117283
2    51     116666
2    131     117244
3    63     116842
2    141     117237
1    201     117423
1    247     117157
3    191     117543
3    0     117131
3    242     117154
2    86     117144
1    36     116868
3    171     117377
2    54     117263
1    17     116889
3    226     116991
2    231     116852
3    89     117721
1    47     117424
1    127     116977
1    92     117119
1    176     117066
2    210     117103
1    3     117238
2    250     116857
2    155     116762
1    215     117029
1    139     117491
3    252     117551
3    55     117420
3    199     117570
3    147     117416
1    244     116702
2    145     117034
3    153     117485
3    61     117296
3    240     117352
1    252     117181
3    143     117417
1    0     117179
2    252     117125
3    24     116927
2    100     117158
1    227     117638
1    248     116975
1    194     117458
3    175     117677
3    39     116797
1    50     116929
3    159     117448
3    13     117143
3    114     117078
1    113     116828
1    120     117425
2    217     117156
2    115     117025
1    160     117060
1    145     117112
3    111     117036
2    108     117762
2    70     117185
1    110     117409
3    174     117232
3    248     116641
3    33     116871
2    207     117481
2    121     117200
1    72     117425
2    134     117136
1    10     116807
2    195     116798
2    230     117081
2    234     117048
1    226     117299
1    103     117354
3    150     117272
3    119     117499
1    117     116766
1    214     117376
2    206     116970
2    8     117429
3    10     117487
2    104     117013
3    56     117238
1    84     116972
1    1     117240
1    94     116868
3    52     117055
2    133     117131
3    162     117511
2    232     117049
1    246     117673
1    225     117027
2    153     116909
2    227     117108
3    131     117383
3    232     117459
1    69     117276
2    110     117217
3    223     117598
3    201     116870
2    225     116893
1    210     117033
1    82     117303
3    90     117166
1    228     117467
2    96     117450
2    193     117201
2    35     117191
3    245     117084
3    138     117043
1    104     117326
3    168     117354
3    104     117203
1    18     117127
1    175     117581
1    106     117271
2    154     117240
2    52     116893
1    164     117300
2    48     117549
2    56     116998
1    79     117387
3    54     116263
1    183     116969
1    147     116862
1    243     117632
1    202     117260
1    166     117179
3    57     116654
2    162     117628
1    150     117179
2    119     117056
2    132     117178
3    178     117372
1    209     116924
2    216     117469
1    121     117063
3    91     117508
1    234     117325
1    126     117121
1    179     117055
2    5     117084
2    209     117228
3    228     117093
2    22     117406
1    53     117260
2    126     117319
2    1     116742
2    226     116964
1    173     116789
2    135     117556
1    249     117155
2    120     117047
3    144     117019
1    138     116725
2    116     116937
1    43     117251
3    81     116956
1    142     117233
2    76     117112
1    155     117359
1    99     117295
3    73     117180
2    77     116914
3    20     117283
3    105     117244
3    246     117206
3    77     117430
3    49     117273
2    255     117357
3    132     117668
1    153     116916
3    219     117186
3    88     116834
1    24     116942
1    67     117268
3    53     117250
2    12     117545
2    42     117249
1    178     116764
3    66     117608
1    240     117280
2    28     117349
2    202     117172
3    123     116864
1    148     116564
2    39     117141
3    227     117291
3    237     117208
1    102     117316
1    91     117128
1    75     117205
1    54     117090
3    133     117393
3    96     116913
3    71     117035
3    190     116847
2    137     117291
2    109     117387
3    197     117366
3    67     117133
1    61     117142
1    237     117189
3    2     117295
2    189     116922
3    155     117430
1    136     116868
1    9     117095
2    205     117686
1    71     117451
3    198     117279
2    190     117302
1    119     117480
3    44     117850
1    73     117365
2    208     116964
2    14     117292
2    151     117079
3    113     116874
3    122     117140
3    177     117266
2    198     117301
3    241     117077
2    78     117228
3    74     117348
1    235     117389
3    187     117011
1    255     117097
3    166     117219
1    46     117237
3    37     117133
2    172     116957
3    102     117038
3    118     117372
2    144     117962
3    229     117542
1    238     117270
1    16     117177
3    93     117133
3    98     117356
3    76     117053
3    25     117622
3    247     117251
3    212     116660
3    92     117274
1    236     117265
2    236     117306
3    173     116939
1    216     117177
2    111     117288
3    125     117105
1    163     116976
1    144     117338
2    194     116961
3    18     117120
2    237     117176
2    93     116841
2    43     117115
3    95     116971
2    247     117112
2    63     116976
1    254     117057
3    43     117180
3    243     117330
3    3     117636
2    203     117087
2    118     117200
1    196     117515
3    60     117197
2    81     116755
2    71     116887
3    179     117002
1    32     117401
3    83     117465
3    94     116871
2    113     117384
2    174     117255
2    223     116807
3    188     117312
2    221     117272
2    214     117146
3    233     116947
2    2     117084
1    6     117363
2    85     117546
2    148     116659
3    68     117067
2    41     117023
1    57     117100
2    129     116891
2    130     117357
3    225     117236
1    88     117006
1    38     117138
2    18     117292
2    220     117187
2    34     117221
1    66     117127
1    137     116855
1    185     117016
2    7     117633
3    165     116859
1    245     116907
2    160     116907
1    165     117333
1    45     117035
2    178     117003
3    103     116898
3    176     116755
1    251     117000
2    212     116736
2    53     117322
2    238     117100
3    172     117065
2    197     117413
2    45     117148
2    90     117070
3    79     117175
1    74     117352
2    79     117113
3    169     117139
1    204     117188
3    182     116919
1    149     116803
1    193     117032
3    202     117841
1    108     117732
3    84     117269
3    220     117544
2    177     117166
2    11     117151
1    96     117368
2    168     117320
1    87     117166
2    171     116769
1    98     117358
2    80     117447
2    181     117093
2    55     116571
2    10     117473
1    135     116998
1    20     117158
2    167     117350
1    174     117185
3    184     117607
3    136     117116
2    150     117343
1    161     116990
3    28     117627
3    23     117250
3    32     116749
2    25     117480
3    50     117440
1    5     117354
2    176     116766
1    154     117052
2    95     117502
3    126     117199
1    182     117039
2    97     117511
1    13     116921
2    164     117533
1    219     117107
2    9     117538
2    26     117299
3    167     116665
1    188     117319
3    100     116940
3    47     117028
1    128     117316
2    73     117590
3    151     117299
2    219     116901
2    62     117151
1    162     117424
2    143     116994
2    165     117178
1    192     116842
3    164     117114
3    154     117397
3    78     117022
1    93     117477
1    33     116909
3    234     117309
2    94     116784
1    203     117186
1    41     117229
2    49     117117
2    218     117064
1    211     117387
3    72     116964
2    224     117264
2    112     116738
2    241     117504
2    242     117086
1    224     117087
2    123     117337
2    166     117229
3    12     117521
1    76     117562
1    197     116923
3    128     117179
2    170     117174
1    114     117221
1    90     117045
1    122     117166
3    106     116721
2    91     117083
2    0     117148
3    222     117020
1    100     117652
3    253     116772
3    14     117380
2    125     117219
3    29     116983
2    21     117012
1    140     116830
3    62     116858
3    193     117397
2    66     116958
3    22     116982
2    229     117148
3    110     117235
2    147     116943
1    65     117294
3    36     116881
3    75     117347
1    85     116878
3    8     117389
2    32     117097
3    97     116827
1    22     117231
3    40     117197
2    159     116992
1    242     116772
1    15     117063
2    248     117157
1    7     117273
3    215     117159
2    92     116871
1    181     117429
2    24     117222
3    231     116746
1    70     117488
2    187     117415
2    15     116833
1    19     117239
2    211     117121
3    127     117087
2    69     117196
3    250     117491
3    21     117373
1    42     116944
1    230     117429
2    106     117131
3    236     117004
3    189     116964
1    241     117258
1    97     117560
1    157     117073
3    109     117239
2    59     117010
1    232     117541
1    229     117662
2    103     117526
3    249     117638
1    83     117566
1    40     117286
1    4     117277
1    89     117068
2    152     117296
3    195     117318
3    86     117378
1    218     117418
1    131     117340
2    175     117576
2    196     116905
2    184     117336
2    3     117468
2    58     117257
3    108     116790
2    158     117373
1    55     117074
3    101     116751
1    233     116951
2    27     117101
1    101     117229
2    16     117174
1    143     117554
2    235     117546
2    83     117113
3    15     117357
3    244     117096
3    196     117209
3    157     117321
1    27     116808
3    170     117247
2    233     117151
3    112     117002
2    157     116932
3    216     117220
3    206     116728
1    125     117052
1    21     117004
2    146     117286
3    181     116903
2    246     116691
2    68     117066
2    65     117557
2    64     117125
3    235     117039
2    57     117086
2    173     117288
1    167     117436
1    95     117131
3    35     116992
3    214     117425
3    194     117648
1    60     116963
3    218     117305
2    254     117335
2    101     117520
3    207     117001
1    191     116966
1    49     116777
3    141     116919
2    61     117830
1    80     117301
1    116     117463
1    25     117327
1    29     116757
2    139     116930
1    124     117136
2    124     117415
1    141     116630
3    134     117291
1    190     117311
2    13     117185
2    228     117098
2    138     117108
1    44     117391
3    158     117126
2    180     117346
2    75     117173
2    102     117226
1    239     117590
1    198     116941
3    200     117142
3    70     117257
1    187     117001
1    205     117030
3    41     117301
1    81     116588
3    51     117149
1    253     117243
2    251     117047
1    177     116854
1    105     117118
3    120     117268
3    59     117005
1    118     117437
2    201     117797
3    210     117126
3    205     117278
1    109     117451
3    160     117231
2    88     117069
2    72     116952
2    128     117128
1    189     117094
3    255     116821
3    163     117249
3    221     117467
1    222     117162
3    251     117055
3    180     117227
3    31     117254
3    156     117111
3    17     117676
2    40     116890
1    31     117432
1    12     117764
2    98     116908
2    149     117116
3    117     117152
3    87     117174
1    186     116728
3    213     117027
2    84     117288
3    124     116565
3    34     117154
3    130     117208
3    65     116845
2    239     117212
3    11     117060
1    26     117051
1    63     117436
1    159     117071
3    7     117007
2    30     117572
3    58     116835
1    8     117410
1    11     117265
2    161     117157
1    68     116746
3    203     117043
1    86     116746
3    80     117760
1    146     116948
3    107     117354
1    180     116967
2    87     117646
2    245     117307
3    121     116782
1    129     117598
2    163     117328
3    48     117242
3    4     116947
1    111     117511
1    14     117639
2    38     117154
2    50     117882
1    156     116983
2    215     117360
3    217     117577
2    117     117567
3    152     117249
2    6     117331
1    250     117114
2    122     117136
1    62     116992
2    114     117324
1    134     117089
3    9     117160
2    17     116987
1    34     117180
2    31     117302
3    183     117139
2    142     116762
2    179     117611
3    64     117357
3    204     117275
1    123     116936
1    208     116877
3    69     117330
1    112     116978
1    184     117041
2    105     116995
2    156     117235
2    186     117282
2    240     117052
2    253     116835
3    139     117474
3    6     116871
2    67     117370
2    199     117223
3    149     117018
1    28     116746
2    249     116470
3    146     117239
2    19     117191
2    213     117289
3    42     117030
2    182     117312
1    133     117666
1    130     117310
2    140     117113
1    39     117023
2    23     117282
3    239     116748
3    230     116948
3    115     117331
2    136     117393
3    116     117198
2    37     117501
3    140     117239
3    85     117161
1    152     117163
3    211     116965
1    30     117139
3    142     117295
2    185     117551
2    183     116747
3    161     117241
1    223     117447
3    209     117312
1    171     117471
1    158     116998
2    33     117556
3    254     116932
2    60     117473
2    243     117113
3    137     117013
2    222     117115
1    172     117395
1    37     116973
20/04/01 18:05:49 INFO spark.SparkContext: Invoking stop() from shutdown hook
20/04/01 18:05:49 INFO handler.ContextHandler: stopped o.s.j.s.ServletContextHandler{/metrics/json,null}
20/04/01 18:05:49 INFO handler.ContextHandler: stopped o.s.j.s.ServletContextHandler{/stages/stage/kill,null}
20/04/01 18:05:49 INFO handler.ContextHandler: stopped o.s.j.s.ServletContextHandler{/api,null}
20/04/01 18:05:49 INFO handler.ContextHandler: stopped o.s.j.s.ServletContextHandler{/,null}
20/04/01 18:05:49 INFO handler.ContextHandler: stopped o.s.j.s.ServletContextHandler{/static,null}
20/04/01 18:05:49 INFO handler.ContextHandler: stopped o.s.j.s.ServletContextHandler{/executors/threadDump/json,null}
20/04/01 18:05:49 INFO handler.ContextHandler: stopped o.s.j.s.ServletContextHandler{/executors/threadDump,null}
20/04/01 18:05:49 INFO handler.ContextHandler: stopped o.s.j.s.ServletContextHandler{/executors/json,null}
20/04/01 18:05:49 INFO handler.ContextHandler: stopped o.s.j.s.ServletContextHandler{/executors,null}
20/04/01 18:05:49 INFO handler.ContextHandler: stopped o.s.j.s.ServletContextHandler{/environment/json,null}
20/04/01 18:05:49 INFO handler.ContextHandler: stopped o.s.j.s.ServletContextHandler{/environment,null}
20/04/01 18:05:49 INFO handler.ContextHandler: stopped o.s.j.s.ServletContextHandler{/storage/rdd/json,null}
20/04/01 18:05:49 INFO handler.ContextHandler: stopped o.s.j.s.ServletContextHandler{/storage/rdd,null}
20/04/01 18:05:49 INFO handler.ContextHandler: stopped o.s.j.s.ServletContextHandler{/storage/json,null}
20/04/01 18:05:49 INFO handler.ContextHandler: stopped o.s.j.s.ServletContextHandler{/storage,null}
20/04/01 18:05:49 INFO handler.ContextHandler: stopped o.s.j.s.ServletContextHandler{/stages/pool/json,null}
20/04/01 18:05:49 INFO handler.ContextHandler: stopped o.s.j.s.ServletContextHandler{/stages/pool,null}
20/04/01 18:05:49 INFO handler.ContextHandler: stopped o.s.j.s.ServletContextHandler{/stages/stage/json,null}
20/04/01 18:05:49 INFO handler.ContextHandler: stopped o.s.j.s.ServletContextHandler{/stages/stage,null}
20/04/01 18:05:49 INFO handler.ContextHandler: stopped o.s.j.s.ServletContextHandler{/stages/json,null}
20/04/01 18:05:49 INFO handler.ContextHandler: stopped o.s.j.s.ServletContextHandler{/stages,null}
20/04/01 18:05:49 INFO handler.ContextHandler: stopped o.s.j.s.ServletContextHandler{/jobs/job/json,null}
20/04/01 18:05:49 INFO handler.ContextHandler: stopped o.s.j.s.ServletContextHandler{/jobs/job,null}
20/04/01 18:05:49 INFO handler.ContextHandler: stopped o.s.j.s.ServletContextHandler{/jobs/json,null}
20/04/01 18:05:49 INFO handler.ContextHandler: stopped o.s.j.s.ServletContextHandler{/jobs,null}
20/04/01 18:05:49 INFO ui.SparkUI: Stopped Spark web UI at http://10.22.253.91:4040
20/04/01 18:05:49 INFO scheduler.DAGScheduler: Stopping DAGScheduler
20/04/01 18:05:49 INFO cluster.SparkDeploySchedulerBackend: Shutting down all executors
20/04/01 18:05:49 INFO cluster.SparkDeploySchedulerBackend: Asking each executor to shut down
20/04/01 18:05:49 INFO spark.MapOutputTrackerMasterEndpoint: MapOutputTrackerMasterEndpoint stopped!
20/04/01 18:05:49 INFO storage.MemoryStore: MemoryStore cleared
20/04/01 18:05:49 INFO storage.BlockManager: BlockManager stopped
20/04/01 18:05:49 INFO storage.BlockManagerMaster: BlockManagerMaster stopped
20/04/01 18:05:49 INFO scheduler.OutputCommitCoordinator$OutputCommitCoordinatorEndpoint: OutputCommitCoordinator stopped!
20/04/01 18:05:49 INFO spark.SparkContext: Successfully stopped SparkContext
20/04/01 18:05:49 INFO util.ShutdownHookManager: Shutdown hook called
20/04/01 18:05:49 INFO util.ShutdownHookManager: Deleting directory /tmp/spark-29f72ad7-480c-47f8-882c-6b69816e7112
20/04/01 18:05:49 INFO remote.RemoteActorRefProvider$RemotingTerminator: Shutting down remote daemon.
stopping yarn daemons
stopping resourcemanager
comet-11-28.ibnet: stopping nodemanager
comet-11-29.ibnet: stopping nodemanager
no proxyserver to stop
Stopping namenodes on [comet-11-28.ibnet]
comet-11-28.ibnet: stopping namenode
comet-11-28.ibnet: stopping datanode
comet-11-29.ibnet: stopping datanode
Stopping secondary namenodes [comet-11-28.ibnet]
comet-11-28.ibnet: stopping secondarynamenode
Copying Hadoop logs back to /home/mxv6938/cometcluster/logs...
‘/scratch/mxv6938/32375431/logs’ -> ‘/home/mxv6938/cometcluster/logs’
‘/scratch/mxv6938/32375431/logs/SecurityAuth-mxv6938.audit’ -> ‘/home/mxv6938/cometcluster/logs/SecurityAuth-mxv6938.audit’
‘/scratch/mxv6938/32375431/logs/hadoop-mxv6938-namenode-comet-11-28.sdsc.edu.out’ -> ‘/home/mxv6938/cometcluster/logs/hadoop-mxv6938-namenode-comet-11-28.sdsc.edu.out’
‘/scratch/mxv6938/32375431/logs/yarn-mxv6938-nodemanager-comet-11-28.sdsc.edu.out’ -> ‘/home/mxv6938/cometcluster/logs/yarn-mxv6938-nodemanager-comet-11-28.sdsc.edu.out’
‘/scratch/mxv6938/32375431/logs/hadoop-mxv6938-secondarynamenode-comet-11-28.sdsc.edu.log’ -> ‘/home/mxv6938/cometcluster/logs/hadoop-mxv6938-secondarynamenode-comet-11-28.sdsc.edu.log’
‘/scratch/mxv6938/32375431/logs/hadoop-mxv6938-datanode-comet-11-28.sdsc.edu.out’ -> ‘/home/mxv6938/cometcluster/logs/hadoop-mxv6938-datanode-comet-11-28.sdsc.edu.out’
‘/scratch/mxv6938/32375431/logs/spark-mxv6938-org.apache.spark.deploy.master.Master-1-comet-11-28.out’ -> ‘/home/mxv6938/cometcluster/logs/spark-mxv6938-org.apache.spark.deploy.master.Master-1-comet-11-28.out’
‘/scratch/mxv6938/32375431/logs/yarn-mxv6938-resourcemanager-comet-11-28.out’ -> ‘/home/mxv6938/cometcluster/logs/yarn-mxv6938-resourcemanager-comet-11-28.out’
‘/scratch/mxv6938/32375431/logs/spark-mxv6938-org.apache.spark.deploy.worker.Worker-1-comet-11-28.sdsc.edu.out’ -> ‘/home/mxv6938/cometcluster/logs/spark-mxv6938-org.apache.spark.deploy.worker.Worker-1-comet-11-28.sdsc.edu.out’
‘/scratch/mxv6938/32375431/logs/yarn-mxv6938-resourcemanager-comet-11-28.log’ -> ‘/home/mxv6938/cometcluster/logs/yarn-mxv6938-resourcemanager-comet-11-28.log’
‘/scratch/mxv6938/32375431/logs/userlogs’ -> ‘/home/mxv6938/cometcluster/logs/userlogs’
‘/scratch/mxv6938/32375431/logs/hadoop-mxv6938-datanode-comet-11-28.sdsc.edu.log’ -> ‘/home/mxv6938/cometcluster/logs/hadoop-mxv6938-datanode-comet-11-28.sdsc.edu.log’
‘/scratch/mxv6938/32375431/logs/yarn-mxv6938-nodemanager-comet-11-28.sdsc.edu.log’ -> ‘/home/mxv6938/cometcluster/logs/yarn-mxv6938-nodemanager-comet-11-28.sdsc.edu.log’
‘/scratch/mxv6938/32375431/logs/hadoop-mxv6938-secondarynamenode-comet-11-28.sdsc.edu.out’ -> ‘/home/mxv6938/cometcluster/logs/hadoop-mxv6938-secondarynamenode-comet-11-28.sdsc.edu.out’
‘/scratch/mxv6938/32375431/logs/hadoop-mxv6938-namenode-comet-11-28.sdsc.edu.log’ -> ‘/home/mxv6938/cometcluster/logs/hadoop-mxv6938-namenode-comet-11-28.sdsc.edu.log’
removed directory: ‘/scratch/mxv6938/32375431/mapred_scratch/filecache’
removed directory: ‘/scratch/mxv6938/32375431/mapred_scratch/nmPrivate’
removed directory: ‘/scratch/mxv6938/32375431/mapred_scratch/usercache’
removed directory: ‘/scratch/mxv6938/32375431/mapred_scratch’
removed directory: ‘/scratch/mxv6938/32375431/tmp/dfs/namesecondary’
removed directory: ‘/scratch/mxv6938/32375431/tmp/dfs’
removed directory: ‘/scratch/mxv6938/32375431/tmp’
removed ‘/scratch/mxv6938/32375431/namenode_data/current/fsimage_0000000000000000000’
removed ‘/scratch/mxv6938/32375431/namenode_data/current/fsimage_0000000000000000000.md5’
removed ‘/scratch/mxv6938/32375431/namenode_data/current/VERSION’
removed ‘/scratch/mxv6938/32375431/namenode_data/current/edits_inprogress_0000000000000000001’
removed ‘/scratch/mxv6938/32375431/namenode_data/current/seen_txid’
removed directory: ‘/scratch/mxv6938/32375431/namenode_data/current’
removed directory: ‘/scratch/mxv6938/32375431/namenode_data’
removed ‘/scratch/mxv6938/32375431/hdfs_data/current/VERSION’
removed ‘/scratch/mxv6938/32375431/hdfs_data/current/BP-2115019511-198.202.118.183-1585789491189/dncp_block_verification.log.curr’
removed ‘/scratch/mxv6938/32375431/hdfs_data/current/BP-2115019511-198.202.118.183-1585789491189/current/finalized/subdir0/subdir0/blk_1073741827’
removed ‘/scratch/mxv6938/32375431/hdfs_data/current/BP-2115019511-198.202.118.183-1585789491189/current/finalized/subdir0/subdir0/blk_1073741826_1002.meta’
removed ‘/scratch/mxv6938/32375431/hdfs_data/current/BP-2115019511-198.202.118.183-1585789491189/current/finalized/subdir0/subdir0/blk_1073741827_1003.meta’
removed ‘/scratch/mxv6938/32375431/hdfs_data/current/BP-2115019511-198.202.118.183-1585789491189/current/finalized/subdir0/subdir0/blk_1073741825_1001.meta’
removed ‘/scratch/mxv6938/32375431/hdfs_data/current/BP-2115019511-198.202.118.183-1585789491189/current/finalized/subdir0/subdir0/blk_1073741826’
removed ‘/scratch/mxv6938/32375431/hdfs_data/current/BP-2115019511-198.202.118.183-1585789491189/current/finalized/subdir0/subdir0/blk_1073741825’
removed directory: ‘/scratch/mxv6938/32375431/hdfs_data/current/BP-2115019511-198.202.118.183-1585789491189/current/finalized/subdir0/subdir0’
removed directory: ‘/scratch/mxv6938/32375431/hdfs_data/current/BP-2115019511-198.202.118.183-1585789491189/current/finalized/subdir0’
removed directory: ‘/scratch/mxv6938/32375431/hdfs_data/current/BP-2115019511-198.202.118.183-1585789491189/current/finalized’
removed ‘/scratch/mxv6938/32375431/hdfs_data/current/BP-2115019511-198.202.118.183-1585789491189/current/VERSION’
removed ‘/scratch/mxv6938/32375431/hdfs_data/current/BP-2115019511-198.202.118.183-1585789491189/current/dfsUsed’
removed directory: ‘/scratch/mxv6938/32375431/hdfs_data/current/BP-2115019511-198.202.118.183-1585789491189/current/rbw’
removed directory: ‘/scratch/mxv6938/32375431/hdfs_data/current/BP-2115019511-198.202.118.183-1585789491189/current’
removed ‘/scratch/mxv6938/32375431/hdfs_data/current/BP-2115019511-198.202.118.183-1585789491189/dncp_block_verification.log.prev’
removed directory: ‘/scratch/mxv6938/32375431/hdfs_data/current/BP-2115019511-198.202.118.183-1585789491189/tmp’
removed directory: ‘/scratch/mxv6938/32375431/hdfs_data/current/BP-2115019511-198.202.118.183-1585789491189’
removed directory: ‘/scratch/mxv6938/32375431/hdfs_data/current’
removed directory: ‘/scratch/mxv6938/32375431/hdfs_data’
removed directory: ‘/scratch/mxv6938/32375431/pids’
removed ‘/scratch/mxv6938/32375431/logs/SecurityAuth-mxv6938.audit’
removed ‘/scratch/mxv6938/32375431/logs/hadoop-mxv6938-namenode-comet-11-28.sdsc.edu.out’
removed ‘/scratch/mxv6938/32375431/logs/yarn-mxv6938-nodemanager-comet-11-28.sdsc.edu.out’
removed ‘/scratch/mxv6938/32375431/logs/hadoop-mxv6938-secondarynamenode-comet-11-28.sdsc.edu.log’
removed ‘/scratch/mxv6938/32375431/logs/hadoop-mxv6938-datanode-comet-11-28.sdsc.edu.out’
removed ‘/scratch/mxv6938/32375431/logs/spark-mxv6938-org.apache.spark.deploy.master.Master-1-comet-11-28.out’
removed ‘/scratch/mxv6938/32375431/logs/yarn-mxv6938-resourcemanager-comet-11-28.out’
removed ‘/scratch/mxv6938/32375431/logs/spark-mxv6938-org.apache.spark.deploy.worker.Worker-1-comet-11-28.sdsc.edu.out’
removed ‘/scratch/mxv6938/32375431/logs/yarn-mxv6938-resourcemanager-comet-11-28.log’
removed directory: ‘/scratch/mxv6938/32375431/logs/userlogs’
removed ‘/scratch/mxv6938/32375431/logs/hadoop-mxv6938-datanode-comet-11-28.sdsc.edu.log’
removed ‘/scratch/mxv6938/32375431/logs/yarn-mxv6938-nodemanager-comet-11-28.sdsc.edu.log’
removed ‘/scratch/mxv6938/32375431/logs/hadoop-mxv6938-secondarynamenode-comet-11-28.sdsc.edu.out’
removed ‘/scratch/mxv6938/32375431/logs/hadoop-mxv6938-namenode-comet-11-28.sdsc.edu.log’
removed directory: ‘/scratch/mxv6938/32375431/logs’
removed directory: ‘/scratch/mxv6938/32375431/mapred_scratch/filecache’
removed directory: ‘/scratch/mxv6938/32375431/mapred_scratch/usercache’
removed directory: ‘/scratch/mxv6938/32375431/mapred_scratch/nmPrivate’
removed directory: ‘/scratch/mxv6938/32375431/mapred_scratch’
removed ‘/scratch/mxv6938/32375431/hdfs_data/current/VERSION’
removed ‘/scratch/mxv6938/32375431/hdfs_data/current/BP-2115019511-198.202.118.183-1585789491189/dncp_block_verification.log.prev’
removed ‘/scratch/mxv6938/32375431/hdfs_data/current/BP-2115019511-198.202.118.183-1585789491189/current/dfsUsed’
removed ‘/scratch/mxv6938/32375431/hdfs_data/current/BP-2115019511-198.202.118.183-1585789491189/current/finalized/subdir0/subdir0/blk_1073741826_1002.meta’
removed ‘/scratch/mxv6938/32375431/hdfs_data/current/BP-2115019511-198.202.118.183-1585789491189/current/finalized/subdir0/subdir0/blk_1073741827’
removed ‘/scratch/mxv6938/32375431/hdfs_data/current/BP-2115019511-198.202.118.183-1585789491189/current/finalized/subdir0/subdir0/blk_1073741827_1003.meta’
removed ‘/scratch/mxv6938/32375431/hdfs_data/current/BP-2115019511-198.202.118.183-1585789491189/current/finalized/subdir0/subdir0/blk_1073741825_1001.meta’
removed ‘/scratch/mxv6938/32375431/hdfs_data/current/BP-2115019511-198.202.118.183-1585789491189/current/finalized/subdir0/subdir0/blk_1073741825’
removed ‘/scratch/mxv6938/32375431/hdfs_data/current/BP-2115019511-198.202.118.183-1585789491189/current/finalized/subdir0/subdir0/blk_1073741826’
removed directory: ‘/scratch/mxv6938/32375431/hdfs_data/current/BP-2115019511-198.202.118.183-1585789491189/current/finalized/subdir0/subdir0’
removed directory: ‘/scratch/mxv6938/32375431/hdfs_data/current/BP-2115019511-198.202.118.183-1585789491189/current/finalized/subdir0’
removed directory: ‘/scratch/mxv6938/32375431/hdfs_data/current/BP-2115019511-198.202.118.183-1585789491189/current/finalized’
removed ‘/scratch/mxv6938/32375431/hdfs_data/current/BP-2115019511-198.202.118.183-1585789491189/current/VERSION’
removed directory: ‘/scratch/mxv6938/32375431/hdfs_data/current/BP-2115019511-198.202.118.183-1585789491189/current/rbw’
removed directory: ‘/scratch/mxv6938/32375431/hdfs_data/current/BP-2115019511-198.202.118.183-1585789491189/current’
removed ‘/scratch/mxv6938/32375431/hdfs_data/current/BP-2115019511-198.202.118.183-1585789491189/dncp_block_verification.log.curr’
removed directory: ‘/scratch/mxv6938/32375431/hdfs_data/current/BP-2115019511-198.202.118.183-1585789491189/tmp’
removed directory: ‘/scratch/mxv6938/32375431/hdfs_data/current/BP-2115019511-198.202.118.183-1585789491189’
removed directory: ‘/scratch/mxv6938/32375431/hdfs_data/current’
removed directory: ‘/scratch/mxv6938/32375431/hdfs_data’
removed directory: ‘/scratch/mxv6938/32375431/pids’
removed ‘/scratch/mxv6938/32375431/logs/yarn-mxv6938-nodemanager-comet-11-29.sdsc.edu.out’
removed ‘/scratch/mxv6938/32375431/logs/hadoop-mxv6938-datanode-comet-11-29.sdsc.edu.out’
removed ‘/scratch/mxv6938/32375431/logs/hadoop-mxv6938-datanode-comet-11-29.sdsc.edu.log’
removed ‘/scratch/mxv6938/32375431/logs/SecurityAuth-mxv6938.audit’
removed ‘/scratch/mxv6938/32375431/logs/yarn-mxv6938-nodemanager-comet-11-29.sdsc.edu.log’
removed directory: ‘/scratch/mxv6938/32375431/logs/userlogs’
removed ‘/scratch/mxv6938/32375431/logs/spark-mxv6938-org.apache.spark.deploy.worker.Worker-1-comet-11-29.sdsc.edu.out’
removed directory: ‘/scratch/mxv6938/32375431/logs’
removed directory: ‘/tmp/Jetty_comet.11.28_ibnet_50090_secondary____.cenyxp/.active’
removed directory: ‘/tmp/Jetty_comet.11.28_ibnet_50090_secondary____.cenyxp/jsp’
removed directory: ‘/tmp/Jetty_comet.11.28_ibnet_50090_secondary____.cenyxp’
removed directory: ‘/tmp/Jetty_0_0_0_0_50070_hdfs____w2cu08/.active’
removed directory: ‘/tmp/Jetty_0_0_0_0_50070_hdfs____w2cu08/jsp’
removed directory: ‘/tmp/Jetty_0_0_0_0_50070_hdfs____w2cu08’
removed directory: ‘/tmp/Jetty_0_0_0_0_50075_datanode____hwtdwq_1827042513720255644/.active’
removed directory: ‘/tmp/Jetty_0_0_0_0_50075_datanode____hwtdwq_1827042513720255644/jsp’
removed directory: ‘/tmp/Jetty_0_0_0_0_50075_datanode____hwtdwq_1827042513720255644’
